# JRE version: OpenJDK Runtime Environment Temurin-17.0.7+7 (17.0.7+7) (build 17.0.7+7)
# Java VM: OpenJDK 64-Bit Server VM Temurin-17.0.7+7 (17.0.7+7, mixed mode, sharing, tiered, compressed oops, compressed class ptrs, g1 gc, linux-amd64)
GC Precious Log:
 CPUs: 4 total, 4 available
 Memory: 3889M
 Large Page Support: Disabled
 NUMA Support: Disabled
 Compressed Oops: Enabled (32-bit)
 Heap Region Size: 1M
 Heap Min Capacity: 8M
 Heap Initial Capacity: 62M
 Heap Max Capacity: 974M
 Pre-touch: Disabled
 Parallel Workers: 4
 Concurrent Workers: 1
 Concurrent Refinement Workers: 4
 Periodic GC: Disabled
Heap:
 garbage-first heap   total 70656K, used 44804K [0x00000000c3200000, 0x0000000100000000)
  region size 1024K, 24 young (24576K), 4 survivors (4096K)
 Metaspace       used 56753K, committed 57216K, reserved 1114112K
  class space    used 7757K, committed 8000K, reserved 1048576K
GC Heap History (20 events):
Event: 0,630 GC heap before
{Heap before GC invocations=0 (full 0):
 garbage-first heap   total 65536K, used 15328K [0x00000000c3200000, 0x0000000100000000)
  region size 1024K, 13 young (13312K), 0 survivors (0K)
 Metaspace       used 3626K, committed 3776K, reserved 1114112K
  class space    used 383K, committed 448K, reserved 1048576K
}
Event: 0,635 GC heap after
{Heap after GC invocations=1 (full 0):
 garbage-first heap   total 65536K, used 8020K [0x00000000c3200000, 0x0000000100000000)
  region size 1024K, 2 young (2048K), 2 survivors (2048K)
 Metaspace       used 3626K, committed 3776K, reserved 1114112K
  class space    used 383K, committed 448K, reserved 1048576K
}
Event: 1,129 GC heap before
{Heap before GC invocations=1 (full 0):
 garbage-first heap   total 65536K, used 20308K [0x00000000c3200000, 0x0000000100000000)
  region size 1024K, 15 young (15360K), 2 survivors (2048K)
 Metaspace       used 6533K, committed 6656K, reserved 1114112K
  class space    used 773K, committed 832K, reserved 1048576K
}
Event: 1,136 GC heap after
{Heap after GC invocations=2 (full 0):
 garbage-first heap   total 65536K, used 9193K [0x00000000c3200000, 0x0000000100000000)
  region size 1024K, 1 young (1024K), 1 survivors (1024K)
 Metaspace       used 6533K, committed 6656K, reserved 1114112K
  class space    used 773K, committed 832K, reserved 1048576K
}
Event: 1,694 GC heap before
{Heap before GC invocations=2 (full 0):
 garbage-first heap   total 65536K, used 31721K [0x00000000c3200000, 0x0000000100000000)
  region size 1024K, 24 young (24576K), 1 survivors (1024K)
 Metaspace       used 11839K, committed 12160K, reserved 1114112K
  class space    used 1575K, committed 1728K, reserved 1048576K
}
Event: 1,700 GC heap after
{Heap after GC invocations=3 (full 0):
 garbage-first heap   total 65536K, used 11069K [0x00000000c3200000, 0x0000000100000000)
  region size 1024K, 3 young (3072K), 3 survivors (3072K)
 Metaspace       used 11839K, committed 12160K, reserved 1114112K
  class space    used 1575K, committed 1728K, reserved 1048576K
}
Event: 2,177 GC heap before
{Heap before GC invocations=3 (full 0):
 garbage-first heap   total 65536K, used 38717K [0x00000000c3200000, 0x0000000100000000)
  region size 1024K, 31 young (31744K), 3 survivors (3072K)
 Metaspace       used 18585K, committed 18816K, reserved 1114112K
  class space    used 2399K, committed 2496K, reserved 1048576K
}
Event: 2,186 GC heap after
{Heap after GC invocations=4 (full 0):
 garbage-first heap   total 65536K, used 13171K [0x00000000c3200000, 0x0000000100000000)
  region size 1024K, 4 young (4096K), 4 survivors (4096K)
 Metaspace       used 18585K, committed 18816K, reserved 1114112K
  class space    used 2399K, committed 2496K, reserved 1048576K
}
Event: 2,611 GC heap before
{Heap before GC invocations=4 (full 0):
 garbage-first heap   total 65536K, used 36723K [0x00000000c3200000, 0x0000000100000000)
  region size 1024K, 28 young (28672K), 4 survivors (4096K)
 Metaspace       used 21296K, committed 21504K, reserved 1114112K
  class space    used 2710K, committed 2816K, reserved 1048576K
}
Event: 2,619 GC heap after
{Heap after GC invocations=5 (full 0):
 garbage-first heap   total 65536K, used 14650K [0x00000000c3200000, 0x0000000100000000)
  region size 1024K, 4 young (4096K), 4 survivors (4096K)
 Metaspace       used 21296K, committed 21504K, reserved 1114112K
  class space    used 2710K, committed 2816K, reserved 1048576K
}
Event: 3,585 GC heap before
{Heap before GC invocations=6 (full 0):
 garbage-first heap   total 58368K, used 45370K [0x00000000c3200000, 0x0000000100000000)
  region size 1024K, 34 young (34816K), 4 survivors (4096K)
 Metaspace       used 26438K, committed 26816K, reserved 1114112K
  class space    used 3461K, committed 3648K, reserved 1048576K
}
Event: 3,592 GC heap after
{Heap after GC invocations=7 (full 0):
 garbage-first heap   total 58368K, used 17654K [0x00000000c3200000, 0x0000000100000000)
  region size 1024K, 5 young (5120K), 5 survivors (5120K)
 Metaspace       used 26438K, committed 26816K, reserved 1114112K
  class space    used 3461K, committed 3648K, reserved 1048576K
}
Event: 4,091 GC heap before
{Heap before GC invocations=7 (full 0):
 garbage-first heap   total 58368K, used 41206K [0x00000000c3200000, 0x0000000100000000)
  region size 1024K, 28 young (28672K), 5 survivors (5120K)
 Metaspace       used 30512K, committed 30912K, reserved 1114112K
  class space    used 3993K, committed 4160K, reserved 1048576K
}
Event: 4,096 GC heap after
{Heap after GC invocations=8 (full 0):
 garbage-first heap   total 58368K, used 19827K [0x00000000c3200000, 0x0000000100000000)
  region size 1024K, 3 young (3072K), 3 survivors (3072K)
 Metaspace       used 30512K, committed 30912K, reserved 1114112K
  class space    used 3993K, committed 4160K, reserved 1048576K
}
Event: 4,870 GC heap before
{Heap before GC invocations=8 (full 0):
 garbage-first heap   total 58368K, used 38259K [0x00000000c3200000, 0x0000000100000000)
  region size 1024K, 23 young (23552K), 3 survivors (3072K)
 Metaspace       used 35567K, committed 35968K, reserved 1114112K
  class space    used 4621K, committed 4800K, reserved 1048576K
}
Event: 4,874 GC heap after
{Heap after GC invocations=9 (full 0):
 garbage-first heap   total 70656K, used 21818K [0x00000000c3200000, 0x0000000100000000)
  region size 1024K, 2 young (2048K), 2 survivors (2048K)
 Metaspace       used 35567K, committed 35968K, reserved 1114112K
  class space    used 4621K, committed 4800K, reserved 1048576K
}
Event: 6,204 GC heap before
{Heap before GC invocations=10 (full 0):
 garbage-first heap   total 70656K, used 52538K [0x00000000c3200000, 0x0000000100000000)
  region size 1024K, 32 young (32768K), 2 survivors (2048K)
 Metaspace       used 44227K, committed 44736K, reserved 1114112K
  class space    used 5778K, committed 6016K, reserved 1048576K
}
Event: 6,208 GC heap after
{Heap after GC invocations=11 (full 0):
 garbage-first heap   total 70656K, used 23867K [0x00000000c3200000, 0x0000000100000000)
  region size 1024K, 4 young (4096K), 4 survivors (4096K)
 Metaspace       used 44227K, committed 44736K, reserved 1114112K
  class space    used 5778K, committed 6016K, reserved 1048576K
}
Event: 6,806 GC heap before
{Heap before GC invocations=12 (full 0):
 garbage-first heap   total 70656K, used 53563K [0x00000000c3200000, 0x0000000100000000)
  region size 1024K, 33 young (33792K), 4 survivors (4096K)
 Metaspace       used 51080K, committed 51520K, reserved 1114112K
  class space    used 6809K, committed 7040K, reserved 1048576K
}
Event: 6,810 GC heap after
{Heap after GC invocations=13 (full 0):
 garbage-first heap   total 70656K, used 25348K [0x00000000c3200000, 0x0000000100000000)
  region size 1024K, 4 young (4096K), 4 survivors (4096K)
 Metaspace       used 51080K, committed 51520K, reserved 1114112K
  class space    used 6809K, committed 7040K, reserved 1048576K
}

