# JRE version: OpenJDK Runtime Environment Temurin-17.0.7+7 (17.0.7+7) (build 17.0.7+7)
# Java VM: OpenJDK 64-Bit Server VM Temurin-17.0.7+7 (17.0.7+7, mixed mode, sharing, tiered, compressed oops, compressed class ptrs, g1 gc, linux-amd64)
GC Precious Log:
 CPUs: 4 total, 4 available
 Memory: 3889M
 Large Page Support: Disabled
 NUMA Support: Disabled
 Compressed Oops: Enabled (32-bit)
 Heap Region Size: 1M
 Heap Min Capacity: 8M
 Heap Initial Capacity: 62M
 Heap Max Capacity: 974M
 Pre-touch: Disabled
 Parallel Workers: 4
 Concurrent Workers: 1
 Concurrent Refinement Workers: 4
 Periodic GC: Disabled
Heap:
 garbage-first heap   total 78848K, used 30013K [0x00000000c3200000, 0x0000000100000000)
  region size 1024K, 1 young (1024K), 0 survivors (0K)
 Metaspace       used 75155K, committed 75712K, reserved 1114112K
  class space    used 10514K, committed 10752K, reserved 1048576K
GC Heap History (20 events):
Event: 3,099 GC heap before
{Heap before GC invocations=8 (full 0):
 garbage-first heap   total 58368K, used 41281K [0x00000000c3200000, 0x0000000100000000)
  region size 1024K, 24 young (24576K), 1 survivors (1024K)
 Metaspace       used 30533K, committed 30912K, reserved 1114112K
  class space    used 3993K, committed 4160K, reserved 1048576K
}
Event: 3,102 GC heap after
{Heap after GC invocations=9 (full 0):
 garbage-first heap   total 79872K, used 19230K [0x00000000c3200000, 0x0000000100000000)
  region size 1024K, 3 young (3072K), 3 survivors (3072K)
 Metaspace       used 30533K, committed 30912K, reserved 1114112K
  class space    used 3993K, committed 4160K, reserved 1048576K
}
Event: 3,548 GC heap before
{Heap before GC invocations=9 (full 0):
 garbage-first heap   total 79872K, used 37662K [0x00000000c3200000, 0x0000000100000000)
  region size 1024K, 22 young (22528K), 3 survivors (3072K)
 Metaspace       used 35853K, committed 36288K, reserved 1114112K
  class space    used 4651K, committed 4864K, reserved 1048576K
}
Event: 3,553 GC heap after
{Heap after GC invocations=10 (full 0):
 garbage-first heap   total 79872K, used 20893K [0x00000000c3200000, 0x0000000100000000)
  region size 1024K, 4 young (4096K), 4 survivors (4096K)
 Metaspace       used 35853K, committed 36288K, reserved 1114112K
  class space    used 4651K, committed 4864K, reserved 1048576K
}
Event: 4,458 GC heap before
{Heap before GC invocations=11 (full 0):
 garbage-first heap   total 78848K, used 59805K [0x00000000c3200000, 0x0000000100000000)
  region size 1024K, 42 young (43008K), 4 survivors (4096K)
 Metaspace       used 45988K, committed 46528K, reserved 1114112K
  class space    used 6079K, committed 6336K, reserved 1048576K
}
Event: 4,464 GC heap after
{Heap after GC invocations=12 (full 0):
 garbage-first heap   total 78848K, used 23530K [0x00000000c3200000, 0x0000000100000000)
  region size 1024K, 5 young (5120K), 5 survivors (5120K)
 Metaspace       used 45988K, committed 46528K, reserved 1114112K
  class space    used 6079K, committed 6336K, reserved 1048576K
}
Event: 4,474 GC heap before
{Heap before GC invocations=12 (full 0):
 garbage-first heap   total 78848K, used 23530K [0x00000000c3200000, 0x0000000100000000)
  region size 1024K, 6 young (6144K), 5 survivors (5120K)
 Metaspace       used 46275K, committed 46720K, reserved 1114112K
  class space    used 6118K, committed 6336K, reserved 1048576K
}
Event: 4,478 GC heap after
{Heap after GC invocations=13 (full 0):
 garbage-first heap   total 78848K, used 23709K [0x00000000c3200000, 0x0000000100000000)
  region size 1024K, 1 young (1024K), 1 survivors (1024K)
 Metaspace       used 46275K, committed 46720K, reserved 1114112K
  class space    used 6118K, committed 6336K, reserved 1048576K
}
Event: 5,026 GC heap before
{Heap before GC invocations=13 (full 0):
 garbage-first heap   total 78848K, used 59549K [0x00000000c3200000, 0x0000000100000000)
  region size 1024K, 36 young (36864K), 1 survivors (1024K)
 Metaspace       used 55765K, committed 56256K, reserved 1114112K
  class space    used 7522K, committed 7744K, reserved 1048576K
}
Event: 5,030 GC heap after
{Heap after GC invocations=14 (full 0):
 garbage-first heap   total 78848K, used 24918K [0x00000000c3200000, 0x0000000100000000)
  region size 1024K, 2 young (2048K), 2 survivors (2048K)
 Metaspace       used 55765K, committed 56256K, reserved 1114112K
  class space    used 7522K, committed 7744K, reserved 1048576K
}
Event: 5,572 GC heap before
{Heap before GC invocations=15 (full 0):
 garbage-first heap   total 78848K, used 60758K [0x00000000c3200000, 0x0000000100000000)
  region size 1024K, 37 young (37888K), 2 survivors (2048K)
 Metaspace       used 62620K, committed 63168K, reserved 1114112K
  class space    used 8579K, committed 8832K, reserved 1048576K
}
Event: 5,576 GC heap after
{Heap after GC invocations=16 (full 0):
 garbage-first heap   total 78848K, used 26580K [0x00000000c3200000, 0x0000000100000000)
  region size 1024K, 4 young (4096K), 4 survivors (4096K)
 Metaspace       used 62620K, committed 63168K, reserved 1114112K
  class space    used 8579K, committed 8832K, reserved 1048576K
}
Event: 6,073 GC heap before
{Heap before GC invocations=16 (full 0):
 garbage-first heap   total 78848K, used 61396K [0x00000000c3200000, 0x0000000100000000)
  region size 1024K, 38 young (38912K), 4 survivors (4096K)
 Metaspace       used 67777K, committed 68288K, reserved 1114112K
  class space    used 9557K, committed 9792K, reserved 1048576K
}
Event: 6,082 GC heap after
{Heap after GC invocations=17 (full 0):
 garbage-first heap   total 78848K, used 29697K [0x00000000c3200000, 0x0000000100000000)
  region size 1024K, 5 young (5120K), 5 survivors (5120K)
 Metaspace       used 67777K, committed 68288K, reserved 1114112K
  class space    used 9557K, committed 9792K, reserved 1048576K
}
Event: 6,309 GC heap before
{Heap before GC invocations=17 (full 0):
 garbage-first heap   total 78848K, used 59393K [0x00000000c3200000, 0x0000000100000000)
  region size 1024K, 35 young (35840K), 5 survivors (5120K)
 Metaspace       used 69545K, committed 70080K, reserved 1114112K
  class space    used 9801K, committed 10048K, reserved 1048576K
}
Event: 6,316 GC heap after
{Heap after GC invocations=18 (full 0):
 garbage-first heap   total 78848K, used 32385K [0x00000000c3200000, 0x0000000100000000)
  region size 1024K, 3 young (3072K), 3 survivors (3072K)
 Metaspace       used 69545K, committed 70080K, reserved 1114112K
  class space    used 9801K, committed 10048K, reserved 1048576K
}
Event: 6,676 GC heap before
{Heap before GC invocations=18 (full 0):
 garbage-first heap   total 78848K, used 61057K [0x00000000c3200000, 0x0000000100000000)
  region size 1024K, 31 young (31744K), 3 survivors (3072K)
 Metaspace       used 71464K, committed 72000K, reserved 1114112K
  class space    used 10041K, committed 10304K, reserved 1048576K
}
Event: 6,681 GC heap after
{Heap after GC invocations=19 (full 0):
 garbage-first heap   total 78848K, used 34788K [0x00000000c3200000, 0x0000000100000000)
  region size 1024K, 3 young (3072K), 3 survivors (3072K)
 Metaspace       used 71464K, committed 72000K, reserved 1114112K
  class space    used 10041K, committed 10304K, reserved 1048576K
}
Event: 158,894 GC heap before
{Heap before GC invocations=19 (full 0):
 garbage-first heap   total 78848K, used 60388K [0x00000000c3200000, 0x0000000100000000)
  region size 1024K, 29 young (29696K), 3 survivors (3072K)
 Metaspace       used 75158K, committed 75712K, reserved 1114112K
  class space    used 10514K, committed 10752K, reserved 1048576K
}
Event: 159,257 GC heap after
{Heap after GC invocations=20 (full 1):
 garbage-first heap   total 78848K, used 30013K [0x00000000c3200000, 0x0000000100000000)
  region size 1024K, 0 young (0K), 0 survivors (0K)
 Metaspace       used 75151K, committed 75712K, reserved 1114112K
  class space    used 10513K, committed 10752K, reserved 1048576K
}

